<?xml version="1.0" encoding="UTF-8"?>
<!-- Generated by org.testng.reporters.JUnitXMLReporter -->
<testsuite ignored="0" hostname="LTIN189881" failures="0" tests="3" name="ChromeTest" time="400.118" errors="0" timestamp="2024-02-28T12:50:51 IST">
  <testcase classname="TestCase.TC_001_FindDoctors" name="Find_Doctors" time="139.052"/>
  <testcase classname="TestCase.TC_002_Surgeries" name="NoOfSurgeries" time="9.359"/>
  <testcase classname="TestCase.TC_003_Wellness" name="CoporatesAndWellness" time="100.329"/>
</testsuite> <!-- ChromeTest -->
