<?xml version="1.0" encoding="UTF-8"?>
<!-- Generated by org.testng.reporters.JUnitXMLReporter -->
<testsuite ignored="4" hostname="LTIN189881" failures="0" tests="3" name="Test" time="181.534" errors="0" timestamp="2024-03-04T17:35:08 IST">
  <testcase classname="TestCase.TC_001_FindDoctors" name="Find_Doctors" time="69.557"/>
  <testcase classname="TestCase.TC_002_Surgeries" name="NoOfSurgeries" time="9.753"/>
  <testcase classname="TestCase.TC_003_Wellness" name="CoporatesAndWellness" time="65.125"/>
  <testcase classname="testbase.BaseClass" name="@BeforeTest setup" time="0.0">
    <ignored/>
  </testcase> <!-- @BeforeTest setup -->
  <testcase classname="testbase.BaseClass" name="@BeforeTest setup" time="0.0">
    <ignored/>
  </testcase> <!-- @BeforeTest setup -->
  <testcase classname="testbase.BaseClass" name="@AfterTest close" time="0.0">
    <ignored/>
  </testcase> <!-- @AfterTest close -->
  <testcase classname="testbase.BaseClass" name="@AfterTest close" time="0.0">
    <ignored/>
  </testcase> <!-- @AfterTest close -->
</testsuite> <!-- Test -->
