<?xml version="1.0" encoding="UTF-8"?>
<testng-results ignored="0" total="3" passed="2" failed="1" skipped="0">
  <reporter-output>
  </reporter-output>
  <suite started-at="2024-03-04T17:25:53 IST" name="Suite" finished-at="2024-03-04T17:29:23 IST" duration-ms="210212">
    <groups>
      <group name="regression">
        <method signature="TC_001_FindDoctors.Find_Doctors()[pri:1, instance:TestCase.TC_001_FindDoctors@2d710f1a]" name="Find_Doctors" class="TestCase.TC_001_FindDoctors"/>
        <method signature="TC_002_Surgeries.NoOfSurgeries()[pri:2, instance:TestCase.TC_002_Surgeries@7d4f9aae]" name="NoOfSurgeries" class="TestCase.TC_002_Surgeries"/>
        <method signature="TC_003_Wellness.CoporatesAndWellness()[pri:3, instance:TestCase.TC_003_Wellness@72e5a8e]" name="CoporatesAndWellness" class="TestCase.TC_003_Wellness"/>
      </group> <!-- regression -->
      <group name="smoke">
        <method signature="TC_001_FindDoctors.Find_Doctors()[pri:1, instance:TestCase.TC_001_FindDoctors@2d710f1a]" name="Find_Doctors" class="TestCase.TC_001_FindDoctors"/>
        <method signature="TC_002_Surgeries.NoOfSurgeries()[pri:2, instance:TestCase.TC_002_Surgeries@7d4f9aae]" name="NoOfSurgeries" class="TestCase.TC_002_Surgeries"/>
        <method signature="TC_003_Wellness.CoporatesAndWellness()[pri:3, instance:TestCase.TC_003_Wellness@72e5a8e]" name="CoporatesAndWellness" class="TestCase.TC_003_Wellness"/>
      </group> <!-- smoke -->
    </groups>
    <test started-at="2024-03-04T17:25:53 IST" name="Test" finished-at="2024-03-04T17:29:23 IST" duration-ms="210212">
      <class name="TestCase.TC_003_Wellness">
        <test-method signature="CoporatesAndWellness()[pri:3, instance:TestCase.TC_003_Wellness@72e5a8e]" started-at="2024-03-04T17:27:51 IST" name="CoporatesAndWellness" finished-at="2024-03-04T17:29:21 IST" duration-ms="89815" status="PASS">
          <reporter-output>
          </reporter-output>
        </test-method> <!-- CoporatesAndWellness -->
      </class> <!-- TestCase.TC_003_Wellness -->
      <class name="TestCase.TC_002_Surgeries">
        <test-method signature="NoOfSurgeries()[pri:2, instance:TestCase.TC_002_Surgeries@7d4f9aae]" started-at="2024-03-04T17:27:37 IST" name="NoOfSurgeries" finished-at="2024-03-04T17:27:51 IST" duration-ms="13480" status="PASS">
          <reporter-output>
          </reporter-output>
        </test-method> <!-- NoOfSurgeries -->
      </class> <!-- TestCase.TC_002_Surgeries -->
      <class name="TestCase.TC_001_FindDoctors">
        <test-method is-config="true" signature="setup(java.lang.String,java.lang.String)[pri:0, instance:TestCase.TC_001_FindDoctors@2d710f1a]" started-at="2024-03-04T17:25:53 IST" name="setup" finished-at="2024-03-04T17:26:18 IST" duration-ms="25383" status="PASS">
          <params>
            <param index="0">
              <value>
                <![CDATA[windows]]>
              </value>
            </param>
            <param index="1">
              <value>
                <![CDATA[Chrome]]>
              </value>
            </param>
          </params>
          <reporter-output>
          </reporter-output>
        </test-method> <!-- setup -->
        <test-method signature="Find_Doctors()[pri:1, instance:TestCase.TC_001_FindDoctors@2d710f1a]" started-at="2024-03-04T17:26:19 IST" name="Find_Doctors" finished-at="2024-03-04T17:27:37 IST" duration-ms="78213" status="FAIL">
          <exception class="org.openqa.selenium.NoSuchElementException">
            <message>
              <![CDATA[no such element: Unable to locate element: {"method":"xpath","selector":"//div[@data-qa-id='omni-suggestion-main' and text()='Bangalore']"}
  (Session info: chrome=118.0.5993.71)
For documentation on this error, please visit: https://www.selenium.dev/documentation/webdriver/troubleshooting/errors#no-such-element-exception
Build info: version: '4.15.0', revision: '1d14b5521b'
System info: os.name: 'Windows 11', os.arch: 'amd64', os.version: '10.0', java.version: '17.0.9'
Driver info: org.openqa.selenium.chrome.ChromeDriver
Command: [abc40321ac690297e489ce515c814e1c, findElement {using=xpath, value=//div[@data-qa-id='omni-suggestion-main' and text()='Bangalore']}]
Capabilities {acceptInsecureCerts: false, browserName: chrome, browserVersion: 118.0.5993.71, chrome: {chromedriverVersion: 118.0.5993.70 (e52f33f30b91..., userDataDir: C:\Windows\SystemTemp\scope...}, fedcm:accounts: true, goog:chromeOptions: {debuggerAddress: localhost:65468}, networkConnectionEnabled: false, pageLoadStrategy: normal, platformName: windows, proxy: Proxy(), se:cdp: ws://localhost:65468/devtoo..., se:cdpVersion: 118.0.5993.71, setWindowRect: true, strictFileInteractability: false, timeouts: {implicit: 0, pageLoad: 300000, script: 30000}, unhandledPromptBehavior: dismiss and notify, webauthn:extension:credBlob: true, webauthn:extension:largeBlob: true, webauthn:extension:minPinLength: true, webauthn:extension:prf: true, webauthn:virtualAuthenticators: true}
Session ID: abc40321ac690297e489ce515c814e1c]]>
            </message>
            <full-stacktrace>
              <![CDATA[org.openqa.selenium.NoSuchElementException: no such element: Unable to locate element: {"method":"xpath","selector":"//div[@data-qa-id='omni-suggestion-main' and text()='Bangalore']"}
  (Session info: chrome=118.0.5993.71)
For documentation on this error, please visit: https://www.selenium.dev/documentation/webdriver/troubleshooting/errors#no-such-element-exception
Build info: version: '4.15.0', revision: '1d14b5521b'
System info: os.name: 'Windows 11', os.arch: 'amd64', os.version: '10.0', java.version: '17.0.9'
Driver info: org.openqa.selenium.chrome.ChromeDriver
Command: [abc40321ac690297e489ce515c814e1c, findElement {using=xpath, value=//div[@data-qa-id='omni-suggestion-main' and text()='Bangalore']}]
Capabilities {acceptInsecureCerts: false, browserName: chrome, browserVersion: 118.0.5993.71, chrome: {chromedriverVersion: 118.0.5993.70 (e52f33f30b91..., userDataDir: C:\Windows\SystemTemp\scope...}, fedcm:accounts: true, goog:chromeOptions: {debuggerAddress: localhost:65468}, networkConnectionEnabled: false, pageLoadStrategy: normal, platformName: windows, proxy: Proxy(), se:cdp: ws://localhost:65468/devtoo..., se:cdpVersion: 118.0.5993.71, setWindowRect: true, strictFileInteractability: false, timeouts: {implicit: 0, pageLoad: 300000, script: 30000}, unhandledPromptBehavior: dismiss and notify, webauthn:extension:credBlob: true, webauthn:extension:largeBlob: true, webauthn:extension:minPinLength: true, webauthn:extension:prf: true, webauthn:virtualAuthenticators: true}
Session ID: abc40321ac690297e489ce515c814e1c
at java.base/jdk.internal.reflect.NativeConstructorAccessorImpl.newInstance0(Native Method)
at java.base/jdk.internal.reflect.NativeConstructorAccessorImpl.newInstance(NativeConstructorAccessorImpl.java:77)
at java.base/jdk.internal.reflect.DelegatingConstructorAccessorImpl.newInstance(DelegatingConstructorAccessorImpl.java:45)
at java.base/java.lang.reflect.Constructor.newInstanceWithCaller(Constructor.java:499)
at java.base/java.lang.reflect.Constructor.newInstance(Constructor.java:480)
at org.openqa.selenium.remote.codec.w3c.W3CHttpResponseCodec.createException(W3CHttpResponseCodec.java:200)
at org.openqa.selenium.remote.codec.w3c.W3CHttpResponseCodec.decode(W3CHttpResponseCodec.java:133)
at org.openqa.selenium.remote.codec.w3c.W3CHttpResponseCodec.decode(W3CHttpResponseCodec.java:52)
at org.openqa.selenium.remote.HttpCommandExecutor.execute(HttpCommandExecutor.java:191)
at org.openqa.selenium.remote.service.DriverCommandExecutor.invokeExecute(DriverCommandExecutor.java:200)
at org.openqa.selenium.remote.service.DriverCommandExecutor.execute(DriverCommandExecutor.java:175)
at org.openqa.selenium.remote.RemoteWebDriver.execute(RemoteWebDriver.java:607)
at org.openqa.selenium.remote.ElementLocation$ElementFinder$2.findElement(ElementLocation.java:165)
at org.openqa.selenium.remote.ElementLocation.findElement(ElementLocation.java:59)
at org.openqa.selenium.remote.RemoteWebDriver.findElement(RemoteWebDriver.java:364)
at org.openqa.selenium.remote.RemoteWebDriver.findElement(RemoteWebDriver.java:358)
at org.openqa.selenium.support.pagefactory.DefaultElementLocator.findElement(DefaultElementLocator.java:68)
at org.openqa.selenium.support.pagefactory.internal.LocatingElementHandler.invoke(LocatingElementHandler.java:38)
at jdk.proxy2/jdk.proxy2.$Proxy46.click(Unknown Source)
at pom.FindHospitals.Location(FindHospitals.java:84)
at TestCase.TC_001_FindDoctors.Find_Doctors(TC_001_FindDoctors.java:18)
at java.base/jdk.internal.reflect.NativeMethodAccessorImpl.invoke0(Native Method)
at java.base/jdk.internal.reflect.NativeMethodAccessorImpl.invoke(NativeMethodAccessorImpl.java:77)
at java.base/jdk.internal.reflect.DelegatingMethodAccessorImpl.invoke(DelegatingMethodAccessorImpl.java:43)
at java.base/java.lang.reflect.Method.invoke(Method.java:568)
at org.testng.internal.invokers.MethodInvocationHelper.invokeMethod(MethodInvocationHelper.java:139)
at org.testng.internal.invokers.TestInvoker.invokeMethod(TestInvoker.java:664)
at org.testng.internal.invokers.TestInvoker.invokeTestMethod(TestInvoker.java:227)
at org.testng.internal.invokers.MethodRunner.runInSequence(MethodRunner.java:50)
at org.testng.internal.invokers.TestInvoker$MethodInvocationAgent.invoke(TestInvoker.java:957)
at org.testng.internal.invokers.TestInvoker.invokeTestMethods(TestInvoker.java:200)
at org.testng.internal.invokers.TestMethodWorker.invokeTestMethods(TestMethodWorker.java:148)
at org.testng.internal.invokers.TestMethodWorker.run(TestMethodWorker.java:128)
at java.base/java.util.ArrayList.forEach(ArrayList.java:1511)
at org.testng.TestRunner.privateRun(TestRunner.java:848)
at org.testng.TestRunner.run(TestRunner.java:621)
at org.testng.SuiteRunner.runTest(SuiteRunner.java:443)
at org.testng.SuiteRunner.runSequentially(SuiteRunner.java:437)
at org.testng.SuiteRunner.privateRun(SuiteRunner.java:397)
at org.testng.SuiteRunner.run(SuiteRunner.java:336)
at org.testng.SuiteRunnerWorker.runSuite(SuiteRunnerWorker.java:52)
at org.testng.SuiteRunnerWorker.run(SuiteRunnerWorker.java:95)
at org.testng.TestNG.runSuitesSequentially(TestNG.java:1280)
at org.testng.TestNG.runSuitesLocally(TestNG.java:1200)
at org.testng.TestNG.runSuites(TestNG.java:1114)
at org.testng.TestNG.run(TestNG.java:1082)
at org.apache.maven.surefire.testng.TestNGExecutor.run(TestNGExecutor.java:308)
at org.apache.maven.surefire.testng.TestNGXmlTestSuite.execute(TestNGXmlTestSuite.java:71)
at org.apache.maven.surefire.testng.TestNGProvider.invoke(TestNGProvider.java:113)
at org.apache.maven.surefire.booter.ForkedBooter.runSuitesInProcess(ForkedBooter.java:385)
at org.apache.maven.surefire.booter.ForkedBooter.execute(ForkedBooter.java:162)
at org.apache.maven.surefire.booter.ForkedBooter.run(ForkedBooter.java:507)
at org.apache.maven.surefire.booter.ForkedBooter.main(ForkedBooter.java:495)
]]>
            </full-stacktrace>
          </exception> <!-- org.openqa.selenium.NoSuchElementException -->
          <reporter-output>
          </reporter-output>
        </test-method> <!-- Find_Doctors -->
        <test-method is-config="true" signature="close()[pri:0, instance:TestCase.TC_001_FindDoctors@2d710f1a]" started-at="2024-03-04T17:29:21 IST" name="close" finished-at="2024-03-04T17:29:23 IST" duration-ms="1306" status="PASS">
          <reporter-output>
          </reporter-output>
        </test-method> <!-- close -->
      </class> <!-- TestCase.TC_001_FindDoctors -->
    </test> <!-- Test -->
  </suite> <!-- Suite -->
</testng-results>
