<?xml version="1.0" encoding="UTF-8"?>
<!-- Generated by org.testng.reporters.JUnitXMLReporter -->
<testsuite ignored="0" hostname="LTIN189881" failures="0" tests="3" name="Regression Tests" time="347.487" errors="0" timestamp="2024-02-27T17:24:30 IST">
  <testcase classname="TestCase.TC_001_FindDoctors" name="Find_Doctors" time="130.787"/>
  <testcase classname="TestCase.TC_002_Surgeries" name="NoOfSurgeries" time="8.502"/>
  <testcase classname="TestCase.TC_003_Wellness" name="CoporatesAndWellness" time="56.757"/>
</testsuite> <!-- Regression Tests -->
