<?xml version="1.0" encoding="UTF-8"?>
<!-- Generated by org.testng.reporters.JUnitXMLReporter -->
<testsuite ignored="0" hostname="LTIN189881" failures="0" tests="3" name="Smoke Tests" time="344.204" errors="0" timestamp="2024-02-27T17:18:35 IST">
  <testcase classname="TestCase.TC_001_FindDoctors" name="Find_Doctors" time="135.44"/>
  <testcase classname="TestCase.TC_002_Surgeries" name="NoOfSurgeries" time="9.739"/>
  <testcase classname="TestCase.TC_003_Wellness" name="CoporatesAndWellness" time="54.663"/>
</testsuite> <!-- Smoke Tests -->
